app/build/intermediates/manifest_merge_blame_file/debug/manifest-merger-blame-debug-report.txt
1<?xml version="1.0" encoding="utf-8"?>
2<manifest xmlns:android="http://schemas.android.com/apk/res/android"
3    package="com.dolphin.focus"
4    android:versionCode="1"
5    android:versionName="1.0" >
6
7    <uses-sdk
8        android:minSdkVersion="26"
9        android:targetSdkVersion="34" />
10
11    <uses-permission android:name="android.permission.PACKAGE_USAGE_STATS" />
11-->src\main\AndroidManifest.xml:5:5-114
11-->src\main\AndroidManifest.xml:5:22-75
12    <uses-permission android:name="android.permission.POST_NOTIFICATIONS" />
12-->src\main\AndroidManifest.xml:6:5-77
12-->src\main\AndroidManifest.xml:6:22-74
13    <uses-permission android:name="android.permission.FOREGROUND_SERVICE" />
13-->src\main\AndroidManifest.xml:7:5-77
13-->src\main\AndroidManifest.xml:7:22-74
14    <uses-permission android:name="android.permission.FOREGROUND_SERVICE_SPECIAL_USE" />
14-->src\main\AndroidManifest.xml:8:5-89
14-->src\main\AndroidManifest.xml:8:22-86
15    <uses-permission android:name="android.permission.REQUEST_IGNORE_BATTERY_OPTIMIZATIONS" />
15-->src\main\AndroidManifest.xml:9:5-95
15-->src\main\AndroidManifest.xml:9:22-92
16    <uses-permission android:name="android.permission.RECEIVE_BOOT_COMPLETED" />
16-->src\main\AndroidManifest.xml:10:5-81
16-->src\main\AndroidManifest.xml:10:22-78
17    <uses-permission android:name="android.permission.QUERY_ALL_PACKAGES" />
17-->src\main\AndroidManifest.xml:11:5-119
17-->src\main\AndroidManifest.xml:11:22-74
18
19    <queries>
19-->src\main\AndroidManifest.xml:13:5-18:15
20        <intent>
20-->src\main\AndroidManifest.xml:14:9-17:18
21            <action android:name="android.intent.action.MAIN" />
21-->src\main\AndroidManifest.xml:15:13-65
21-->src\main\AndroidManifest.xml:15:21-62
22
23            <category android:name="android.intent.category.LAUNCHER" />
23-->src\main\AndroidManifest.xml:16:13-73
23-->src\main\AndroidManifest.xml:16:23-70
24        </intent>
25    </queries>
26
27    <permission
27-->[androidx.core:core:1.9.0] AndroidManifest.xml:22:5-24:47
28        android:name="com.dolphin.focus.DYNAMIC_RECEIVER_NOT_EXPORTED_PERMISSION"
28-->[androidx.core:core:1.9.0] AndroidManifest.xml:23:9-81
29        android:protectionLevel="signature" />
29-->[androidx.core:core:1.9.0] AndroidManifest.xml:24:9-44
30
31    <uses-permission android:name="com.dolphin.focus.DYNAMIC_RECEIVER_NOT_EXPORTED_PERMISSION" />
31-->[androidx.core:core:1.9.0] AndroidManifest.xml:26:5-97
31-->[androidx.core:core:1.9.0] AndroidManifest.xml:26:22-94
32
33    <application
33-->src\main\AndroidManifest.xml:20:5-68:19
34        android:allowBackup="true"
34-->src\main\AndroidManifest.xml:21:9-35
35        android:appComponentFactory="androidx.core.app.CoreComponentFactory"
35-->[androidx.core:core:1.9.0] AndroidManifest.xml:28:18-86
36        android:debuggable="true"
37        android:extractNativeLibs="false"
38        android:icon="@android:drawable/sym_def_app_icon"
38-->src\main\AndroidManifest.xml:22:9-58
39        android:label="@string/app_name"
39-->src\main\AndroidManifest.xml:23:9-41
40        android:roundIcon="@android:drawable/sym_def_app_icon"
40-->src\main\AndroidManifest.xml:24:9-63
41        android:supportsRtl="true"
41-->src\main\AndroidManifest.xml:25:9-35
42        android:theme="@style/Theme.Dolphin" >
42-->src\main\AndroidManifest.xml:26:9-45
43        <activity
43-->src\main\AndroidManifest.xml:29:9-37:20
44            android:name="com.dolphin.focus.ui.main.MainActivity"
44-->src\main\AndroidManifest.xml:30:13-49
45            android:exported="true"
45-->src\main\AndroidManifest.xml:31:13-36
46            android:theme="@style/Theme.Dolphin" >
46-->src\main\AndroidManifest.xml:32:13-49
47            <intent-filter>
47-->src\main\AndroidManifest.xml:33:13-36:29
48                <action android:name="android.intent.action.MAIN" />
48-->src\main\AndroidManifest.xml:15:13-65
48-->src\main\AndroidManifest.xml:15:21-62
49
50                <category android:name="android.intent.category.LAUNCHER" />
50-->src\main\AndroidManifest.xml:16:13-73
50-->src\main\AndroidManifest.xml:16:23-70
51            </intent-filter>
52        </activity>
53        <activity
53-->src\main\AndroidManifest.xml:39:9-42:52
54            android:name="com.dolphin.focus.ui.onboarding.OnboardingActivity"
54-->src\main\AndroidManifest.xml:40:13-61
55            android:exported="false"
55-->src\main\AndroidManifest.xml:41:13-37
56            android:theme="@style/Theme.Dolphin" />
56-->src\main\AndroidManifest.xml:42:13-49
57        <activity
57-->src\main\AndroidManifest.xml:44:9-48:52
58            android:name="com.dolphin.focus.ui.settings.SettingsActivity"
58-->src\main\AndroidManifest.xml:45:13-57
59            android:exported="false"
59-->src\main\AndroidManifest.xml:46:13-37
60            android:parentActivityName="com.dolphin.focus.ui.main.MainActivity"
60-->src\main\AndroidManifest.xml:47:13-63
61            android:theme="@style/Theme.Dolphin" />
61-->src\main\AndroidManifest.xml:48:13-49
62
63        <service
63-->src\main\AndroidManifest.xml:50:9-58:19
64            android:name="com.dolphin.focus.service.UsageMonitorService"
64-->src\main\AndroidManifest.xml:51:13-56
65            android:enabled="true"
65-->src\main\AndroidManifest.xml:52:13-35
66            android:exported="false"
66-->src\main\AndroidManifest.xml:53:13-37
67            android:foregroundServiceType="specialUse" >
67-->src\main\AndroidManifest.xml:54:13-55
68            <property
68-->src\main\AndroidManifest.xml:55:13-57:52
69                android:name="android.app.PROPERTY_SPECIAL_USE_FGS_SUBTYPE"
69-->src\main\AndroidManifest.xml:56:17-76
70                android:value="Focus monitoring" />
70-->src\main\AndroidManifest.xml:57:17-49
71        </service>
72
73        <receiver
73-->src\main\AndroidManifest.xml:60:9-67:20
74            android:name="com.dolphin.focus.service.BootReceiver"
74-->src\main\AndroidManifest.xml:61:13-49
75            android:enabled="true"
75-->src\main\AndroidManifest.xml:62:13-35
76            android:exported="false" >
76-->src\main\AndroidManifest.xml:63:13-37
77            <intent-filter>
77-->src\main\AndroidManifest.xml:64:13-66:29
78                <action android:name="android.intent.action.BOOT_COMPLETED" />
78-->src\main\AndroidManifest.xml:65:17-79
78-->src\main\AndroidManifest.xml:65:25-76
79            </intent-filter>
80        </receiver>
81
82        <provider
82-->[androidx.emoji2:emoji2:1.2.0] AndroidManifest.xml:24:9-32:20
83            android:name="androidx.startup.InitializationProvider"
83-->[androidx.emoji2:emoji2:1.2.0] AndroidManifest.xml:25:13-67
84            android:authorities="com.dolphin.focus.androidx-startup"
84-->[androidx.emoji2:emoji2:1.2.0] AndroidManifest.xml:26:13-68
85            android:exported="false" >
85-->[androidx.emoji2:emoji2:1.2.0] AndroidManifest.xml:27:13-37
86            <meta-data
86-->[androidx.emoji2:emoji2:1.2.0] AndroidManifest.xml:29:13-31:52
87                android:name="androidx.emoji2.text.EmojiCompatInitializer"
87-->[androidx.emoji2:emoji2:1.2.0] AndroidManifest.xml:30:17-75
88                android:value="androidx.startup" />
88-->[androidx.emoji2:emoji2:1.2.0] AndroidManifest.xml:31:17-49
89            <meta-data
89-->[androidx.lifecycle:lifecycle-process:2.6.1] AndroidManifest.xml:29:13-31:52
90                android:name="androidx.lifecycle.ProcessLifecycleInitializer"
90-->[androidx.lifecycle:lifecycle-process:2.6.1] AndroidManifest.xml:30:17-78
91                android:value="androidx.startup" />
91-->[androidx.lifecycle:lifecycle-process:2.6.1] AndroidManifest.xml:31:17-49
92            <meta-data
92-->[androidx.profileinstaller:profileinstaller:1.3.0] AndroidManifest.xml:29:13-31:52
93                android:name="androidx.profileinstaller.ProfileInstallerInitializer"
93-->[androidx.profileinstaller:profileinstaller:1.3.0] AndroidManifest.xml:30:17-85
94                android:value="androidx.startup" />
94-->[androidx.profileinstaller:profileinstaller:1.3.0] AndroidManifest.xml:31:17-49
95        </provider>
96
97        <uses-library
97-->[androidx.window:window:1.0.0] AndroidManifest.xml:25:9-27:40
98            android:name="androidx.window.extensions"
98-->[androidx.window:window:1.0.0] AndroidManifest.xml:26:13-54
99            android:required="false" />
99-->[androidx.window:window:1.0.0] AndroidManifest.xml:27:13-37
100        <uses-library
100-->[androidx.window:window:1.0.0] AndroidManifest.xml:28:9-30:40
101            android:name="androidx.window.sidecar"
101-->[androidx.window:window:1.0.0] AndroidManifest.xml:29:13-51
102            android:required="false" />
102-->[androidx.window:window:1.0.0] AndroidManifest.xml:30:13-37
103
104        <receiver
104-->[androidx.profileinstaller:profileinstaller:1.3.0] AndroidManifest.xml:34:9-52:20
105            android:name="androidx.profileinstaller.ProfileInstallReceiver"
105-->[androidx.profileinstaller:profileinstaller:1.3.0] AndroidManifest.xml:35:13-76
106            android:directBootAware="false"
106-->[androidx.profileinstaller:profileinstaller:1.3.0] AndroidManifest.xml:36:13-44
107            android:enabled="true"
107-->[androidx.profileinstaller:profileinstaller:1.3.0] AndroidManifest.xml:37:13-35
108            android:exported="true"
108-->[androidx.profileinstaller:profileinstaller:1.3.0] AndroidManifest.xml:38:13-36
109            android:permission="android.permission.DUMP" >
109-->[androidx.profileinstaller:profileinstaller:1.3.0] AndroidManifest.xml:39:13-57
110            <intent-filter>
110-->[androidx.profileinstaller:profileinstaller:1.3.0] AndroidManifest.xml:40:13-42:29
111                <action android:name="androidx.profileinstaller.action.INSTALL_PROFILE" />
111-->[androidx.profileinstaller:profileinstaller:1.3.0] AndroidManifest.xml:41:17-91
111-->[androidx.profileinstaller:profileinstaller:1.3.0] AndroidManifest.xml:41:25-88
112            </intent-filter>
113            <intent-filter>
113-->[androidx.profileinstaller:profileinstaller:1.3.0] AndroidManifest.xml:43:13-45:29
114                <action android:name="androidx.profileinstaller.action.SKIP_FILE" />
114-->[androidx.profileinstaller:profileinstaller:1.3.0] AndroidManifest.xml:44:17-85
114-->[androidx.profileinstaller:profileinstaller:1.3.0] AndroidManifest.xml:44:25-82
115            </intent-filter>
116            <intent-filter>
116-->[androidx.profileinstaller:profileinstaller:1.3.0] AndroidManifest.xml:46:13-48:29
117                <action android:name="androidx.profileinstaller.action.SAVE_PROFILE" />
117-->[androidx.profileinstaller:profileinstaller:1.3.0] AndroidManifest.xml:47:17-88
117-->[androidx.profileinstaller:profileinstaller:1.3.0] AndroidManifest.xml:47:25-85
118            </intent-filter>
119            <intent-filter>
119-->[androidx.profileinstaller:profileinstaller:1.3.0] AndroidManifest.xml:49:13-51:29
120                <action android:name="androidx.profileinstaller.action.BENCHMARK_OPERATION" />
120-->[androidx.profileinstaller:profileinstaller:1.3.0] AndroidManifest.xml:50:17-95
120-->[androidx.profileinstaller:profileinstaller:1.3.0] AndroidManifest.xml:50:25-92
121            </intent-filter>
122        </receiver>
123    </application>
124
125</manifest>